mode: set
github.com/geico-private/terraform-provider-pkg/internal/registry/registry.go:40.44,44.2 1 1
github.com/geico-private/terraform-provider-pkg/internal/registry/registry.go:47.120,48.20 1 1
github.com/geico-private/terraform-provider-pkg/internal/registry/registry.go:48.20,50.3 1 0
github.com/geico-private/terraform-provider-pkg/internal/registry/registry.go:52.2,53.13 2 1
github.com/geico-private/terraform-provider-pkg/internal/registry/registry.go:53.13,56.3 1 1
github.com/geico-private/terraform-provider-pkg/internal/registry/registry.go:58.2,58.18 1 1
github.com/geico-private/terraform-provider-pkg/internal/registry/registry.go:59.16,60.27 1 1
github.com/geico-private/terraform-provider-pkg/internal/registry/registry.go:60.27,62.4 1 1
github.com/geico-private/terraform-provider-pkg/internal/registry/registry.go:63.15,64.26 1 1
github.com/geico-private/terraform-provider-pkg/internal/registry/registry.go:64.26,66.4 1 1
github.com/geico-private/terraform-provider-pkg/internal/registry/registry.go:67.17,68.28 1 1
github.com/geico-private/terraform-provider-pkg/internal/registry/registry.go:68.28,70.4 1 1
github.com/geico-private/terraform-provider-pkg/internal/registry/registry.go:74.2,74.25 1 0
github.com/geico-private/terraform-provider-pkg/internal/registry/registry.go:78.111,80.13 2 1
github.com/geico-private/terraform-provider-pkg/internal/registry/registry.go:80.13,82.3 1 1
github.com/geico-private/terraform-provider-pkg/internal/registry/registry.go:83.2,83.22 1 1
github.com/geico-private/terraform-provider-pkg/internal/registry/registry.go:87.87,89.37 2 1
github.com/geico-private/terraform-provider-pkg/internal/registry/registry.go:89.37,91.3 1 1
github.com/geico-private/terraform-provider-pkg/internal/registry/registry.go:92.2,92.22 1 1
github.com/geico-private/terraform-provider-pkg/internal/registry/registry.go:96.96,99.2 2 1
github.com/geico-private/terraform-provider-pkg/internal/registry/registry.go:102.53,135.2 1 1
github.com/geico-private/terraform-provider-pkg/internal/provider/errors.go:21.39,24.2 1 1
github.com/geico-private/terraform-provider-pkg/internal/provider/errors.go:27.103,35.2 1 1
github.com/geico-private/terraform-provider-pkg/internal/provider/errors.go:44.41,45.22 1 1
github.com/geico-private/terraform-provider-pkg/internal/provider/errors.go:45.22,47.3 1 1
github.com/geico-private/terraform-provider-pkg/internal/provider/errors.go:48.2,48.71 1 1
github.com/geico-private/terraform-provider-pkg/internal/provider/errors.go:52.77,58.2 1 1
github.com/geico-private/terraform-provider-pkg/internal/provider/errors.go:64.48,66.2 1 1
github.com/geico-private/terraform-provider-pkg/internal/provider/errors.go:69.88,71.2 1 1
github.com/geico-private/terraform-provider-pkg/internal/provider/errors.go:74.87,76.2 1 1
github.com/geico-private/terraform-provider-pkg/internal/provider/errors.go:79.87,84.2 3 1
github.com/geico-private/terraform-provider-pkg/internal/provider/errors.go:87.91,90.24 3 1
github.com/geico-private/terraform-provider-pkg/internal/provider/errors.go:90.24,92.3 1 1
github.com/geico-private/terraform-provider-pkg/internal/provider/errors.go:93.2,93.49 1 1
github.com/geico-private/terraform-provider-pkg/internal/provider/errors.go:97.94,100.2 2 1
github.com/geico-private/terraform-provider-pkg/internal/provider/errors.go:103.100,107.2 3 1
github.com/geico-private/terraform-provider-pkg/internal/provider/provider.go:56.120,59.2 2 1
github.com/geico-private/terraform-provider-pkg/internal/provider/provider.go:61.114,103.2 1 1
github.com/geico-private/terraform-provider-pkg/internal/provider/provider.go:105.123,110.33 3 0
github.com/geico-private/terraform-provider-pkg/internal/provider/provider.go:110.33,112.3 1 0
github.com/geico-private/terraform-provider-pkg/internal/provider/provider.go:115.2,115.34 1 0
github.com/geico-private/terraform-provider-pkg/internal/provider/provider.go:115.34,117.3 1 0
github.com/geico-private/terraform-provider-pkg/internal/provider/provider.go:118.2,118.29 1 0
github.com/geico-private/terraform-provider-pkg/internal/provider/provider.go:118.29,120.3 1 0
github.com/geico-private/terraform-provider-pkg/internal/provider/provider.go:121.2,121.31 1 0
github.com/geico-private/terraform-provider-pkg/internal/provider/provider.go:121.31,123.3 1 0
github.com/geico-private/terraform-provider-pkg/internal/provider/provider.go:124.2,124.31 1 0
github.com/geico-private/terraform-provider-pkg/internal/provider/provider.go:124.31,126.3 1 0
github.com/geico-private/terraform-provider-pkg/internal/provider/provider.go:127.2,127.31 1 0
github.com/geico-private/terraform-provider-pkg/internal/provider/provider.go:127.31,129.3 1 0
github.com/geico-private/terraform-provider-pkg/internal/provider/provider.go:132.2,135.55 2 0
github.com/geico-private/terraform-provider-pkg/internal/provider/provider.go:135.55,141.3 2 0
github.com/geico-private/terraform-provider-pkg/internal/provider/provider.go:143.2,146.56 2 0
github.com/geico-private/terraform-provider-pkg/internal/provider/provider.go:146.56,152.3 2 0
github.com/geico-private/terraform-provider-pkg/internal/provider/provider.go:155.2,162.34 6 0
github.com/geico-private/terraform-provider-pkg/internal/provider/provider.go:162.34,164.17 2 0
github.com/geico-private/terraform-provider-pkg/internal/provider/provider.go:164.17,170.4 1 0
github.com/geico-private/terraform-provider-pkg/internal/provider/provider.go:171.3,171.30 1 0
github.com/geico-private/terraform-provider-pkg/internal/provider/provider.go:175.2,185.34 3 0
github.com/geico-private/terraform-provider-pkg/internal/provider/provider.go:188.85,194.2 1 1
github.com/geico-private/terraform-provider-pkg/internal/provider/provider.go:196.91,202.2 1 1
github.com/geico-private/terraform-provider-pkg/internal/provider/provider.go:204.85,208.2 1 1
github.com/geico-private/terraform-provider-pkg/internal/provider/provider.go:210.51,211.34 1 1
github.com/geico-private/terraform-provider-pkg/internal/provider/provider.go:211.34,215.3 1 1
github.com/geico-private/terraform-provider-pkg/internal/executor/system_executor.go:24.42,28.2 1 1
github.com/geico-private/terraform-provider-pkg/internal/executor/system_executor.go:31.117,33.23 1 1
github.com/geico-private/terraform-provider-pkg/internal/executor/system_executor.go:33.23,35.3 1 0
github.com/geico-private/terraform-provider-pkg/internal/executor/system_executor.go:38.2,48.24 5 1
github.com/geico-private/terraform-provider-pkg/internal/executor/system_executor.go:48.24,50.3 1 1
github.com/geico-private/terraform-provider-pkg/internal/executor/system_executor.go:53.2,53.23 1 1
github.com/geico-private/terraform-provider-pkg/internal/executor/system_executor.go:53.23,55.3 1 1
github.com/geico-private/terraform-provider-pkg/internal/executor/system_executor.go:58.2,75.16 7 1
github.com/geico-private/terraform-provider-pkg/internal/executor/system_executor.go:75.16,76.49 1 1
github.com/geico-private/terraform-provider-pkg/internal/executor/system_executor.go:76.49,78.4 1 1
github.com/geico-private/terraform-provider-pkg/internal/executor/system_executor.go:78.9,81.4 1 1
github.com/geico-private/terraform-provider-pkg/internal/executor/system_executor.go:85.2,86.26 2 1
github.com/geico-private/terraform-provider-pkg/internal/executor/system_executor.go:86.26,88.3 1 1
github.com/geico-private/terraform-provider-pkg/internal/executor/system_executor.go:90.2,90.20 1 1
github.com/geico-private/terraform-provider-pkg/internal/executor/system_executor.go:94.106,95.19 1 1
github.com/geico-private/terraform-provider-pkg/internal/executor/system_executor.go:95.19,97.3 1 1
github.com/geico-private/terraform-provider-pkg/internal/executor/system_executor.go:100.2,100.31 1 1
github.com/geico-private/terraform-provider-pkg/internal/executor/system_executor.go:100.31,103.3 2 0
github.com/geico-private/terraform-provider-pkg/internal/executor/system_executor.go:106.2,107.25 2 1
github.com/geico-private/terraform-provider-pkg/internal/executor/system_executor.go:107.25,109.3 1 1
github.com/geico-private/terraform-provider-pkg/internal/executor/system_executor.go:110.2,113.25 3 1
github.com/geico-private/terraform-provider-pkg/internal/executor/system_executor.go:117.75,118.27 1 1
github.com/geico-private/terraform-provider-pkg/internal/executor/system_executor.go:118.27,120.3 1 1
github.com/geico-private/terraform-provider-pkg/internal/executor/system_executor.go:121.2,121.44 1 1
github.com/geico-private/terraform-provider-pkg/internal/executor/system_executor.go:125.67,128.2 2 1
github.com/geico-private/terraform-provider-pkg/internal/executor/system_executor.go:131.67,132.22 1 1
github.com/geico-private/terraform-provider-pkg/internal/executor/system_executor.go:133.17,136.74 1 0
github.com/geico-private/terraform-provider-pkg/internal/executor/system_executor.go:138.25,140.39 1 1
github.com/geico-private/terraform-provider-pkg/internal/executor/system_executor.go:140.39,142.4 1 0
github.com/geico-private/terraform-provider-pkg/internal/executor/system_executor.go:145.3,147.25 3 1
github.com/geico-private/terraform-provider-pkg/internal/executor/system_executor.go:149.10,150.77 1 0
